<?xml version="1.0" encoding="UTF-8"?>
<testsuite name="com.csc.TestCalculator" tests="13" skipped="0" failures="0" errors="0" timestamp="2024-11-28T02:54:34" hostname="DESKTOP-BA9STQJ" time="0.03">
  <properties/>
  <testcase name="testAddFive()" classname="com.csc.TestCalculator" time="0.012"/>
  <testcase name="testEvens()" classname="com.csc.TestCalculator" time="0.001"/>
  <testcase name="testOdds()" classname="com.csc.TestCalculator" time="0.001"/>
  <testcase name="testForAverage()" classname="com.csc.TestCalculator" time="0.001"/>
  <testcase name="testStreamMax()" classname="com.csc.TestCalculator" time="0.001"/>
  <testcase name="testStreamMin()" classname="com.csc.TestCalculator" time="0.001"/>
  <testcase name="testStreamSum()" classname="com.csc.TestCalculator" time="0.001"/>
  <testcase name="testForMax()" classname="com.csc.TestCalculator" time="0.0"/>
  <testcase name="testForMin()" classname="com.csc.TestCalculator" time="0.0"/>
  <testcase name="testForSum()" classname="com.csc.TestCalculator" time="0.0"/>
  <testcase name="testStreamAverage()" classname="com.csc.TestCalculator" time="0.003"/>
  <testcase name="testSquares()" classname="com.csc.TestCalculator" time="0.001"/>
  <testcase name="itWorks()" classname="com.csc.TestCalculator" time="0.0"/>
  <system-out><![CDATA[]]></system-out>
  <system-err><![CDATA[]]></system-err>
</testsuite>
